 [LOAD] Loading a total of 10 events.
[START] 7/8/2020, 4:03:41 PM
  [LOG] Set status message: Help for 52,893 users
  [CMD] Samplasion#0325 ran the reboot in #test-bot: pl.reboot
 [LOAD] Loading a total of 10 events.
[START] 7/8/2020, 4:03:57 PM
  [LOG] Set status message: Help for 52,892 users
  [CMD] Samplasion#0325 ran the git in #test-bot: pl.git
  [CMD] git(latest, ) [337ms] Samplasion[280399026749440000] test-bot[727130487579213825] Plum Support Server[689149132371263604]
  [CMD] Samplasion#0325 ran the git in #test-bot: pl.git push DigitalOcean
  [CMD] Samplasion#0325 ran the git in #test-bot: pl.git
  [CMD] git(latest, ) [342ms] Samplasion[280399026749440000] test-bot[727130487579213825] Plum Support Server[689149132371263604]
  [CMD] git(push, DigitalOcean) [24663ms] Samplasion[280399026749440000] test-bot[727130487579213825] Plum Support Server[689149132371263604]
  [CMD] Samplasion#0325 ran the exec in #test-bot: pl.exec git add .
  [CMD] exec(git add .) [No ms] Samplasion[280399026749440000] test-bot[727130487579213825] Plum Support Server[689149132371263604]
  [CMD] Samplasion#0325 ran the exec in #test-bot: pl.exec git config --global user.email "dev@samplasion.js.org"
  [CMD] exec(git config --global user.email "dev@samplasion.js.org") [No ms] Samplasion[280399026749440000] test-bot[727130487579213825] Plum Support Server[689149132371263604]
  [CMD] Samplasion#0325 ran the exec in #test-bot: pl.exec git config --global user.name "Samplasion"
  [CMD] exec(git config --global user.name "Samplasion") [No ms] Samplasion[280399026749440000] test-bot[727130487579213825] Plum Support Server[689149132371263604]
  [LOG] Set status message: Help for 52,892 users
  [CMD] Samplasion#0325 ran the git in #test-bot: pl.git push DigitalOcean
