Error: ENOENT: no such file or directory, open './reboot.json'
    at Object.openSync (fs.js:458:3)
    at Object.readFileSync (fs.js:360:35)
    at module.exports (/root/events/ready.js:14:72)
    at CommandoClient.emit (events.js:327:22)
    at WebSocketManager.triggerClientReady (/root/node_modules/.pnpm/discord.js@12.2.0/node_modules/discord.js/src/client/websocket/WebSocketManager.js:433:17)
    at WebSocketManager.checkShardsReady (/root/node_modules/.pnpm/discord.js@12.2.0/node_modules/discord.js/src/client/websocket/WebSocketManager.js:417:10)
    at runMicrotasks (<anonymous>)
    at processTicksAndRejections (internal/process/task_queues.js:97:5) {
  errno: -2,
  syscall: 'open',
  code: 'ENOENT',
  path: './reboot.json'
}
DiscordAPIError: 404: Not Found
    at RequestHandler.execute (/root/node_modules/.pnpm/discord.js@12.2.0/node_modules/discord.js/src/rest/RequestHandler.js:170:25)
    at runMicrotasks (<anonymous>)
    at processTicksAndRejections (internal/process/task_queues.js:97:5) {
  method: 'get',
  path: '/channels/',
  code: 0,
  httpStatus: 404
}
DiscordAPIError: Cannot send an empty message
    at RequestHandler.execute (/root/node_modules/.pnpm/discord.js@12.2.0/node_modules/discord.js/src/rest/RequestHandler.js:170:25)
    at runMicrotasks (<anonymous>)
    at processTicksAndRejections (internal/process/task_queues.js:97:5) {
  method: 'post',
  path: '/channels/727130487579213825/messages',
  code: 50006,
  httpStatus: 400
}
DiscordAPIError: 404: Not Found
    at RequestHandler.execute (/root/node_modules/.pnpm/discord.js@12.2.0/node_modules/discord.js/src/rest/RequestHandler.js:170:25)
    at runMicrotasks (<anonymous>)
    at processTicksAndRejections (internal/process/task_queues.js:97:5) {
  method: 'get',
  path: '/channels/',
  code: 0,
  httpStatus: 404
}
DiscordAPIError: Cannot send an empty message
    at RequestHandler.execute (/root/node_modules/.pnpm/discord.js@12.2.0/node_modules/discord.js/src/rest/RequestHandler.js:170:25)
    at runMicrotasks (<anonymous>)
    at processTicksAndRejections (internal/process/task_queues.js:97:5) {
  method: 'post',
  path: '/channels/727130487579213825/messages',
  code: 50006,
  httpStatus: 400
}
DiscordAPIError: Cannot send an empty message
    at RequestHandler.execute (/root/node_modules/.pnpm/discord.js@12.2.0/node_modules/discord.js/src/rest/RequestHandler.js:170:25)
    at runMicrotasks (<anonymous>)
    at processTicksAndRejections (internal/process/task_queues.js:97:5) {
  method: 'post',
  path: '/channels/727130487579213825/messages',
  code: 50006,
  httpStatus: 400
}
