2020-07-08T16:03:24: PM2 log: ===============================================================================
2020-07-08T16:03:24: PM2 log: --- New PM2 Daemon started ----------------------------------------------------
2020-07-08T16:03:24: PM2 log: Time                 : Wed Jul 08 2020 16:03:24 GMT+0000 (Coordinated Universal Time)
2020-07-08T16:03:24: PM2 log: PM2 version          : 4.4.0
2020-07-08T16:03:24: PM2 log: Node.js version      : 12.18.2
2020-07-08T16:03:24: PM2 log: Current arch         : x64
2020-07-08T16:03:24: PM2 log: PM2 home             : /root/.pm2
2020-07-08T16:03:24: PM2 log: PM2 PID file         : /root/.pm2/pm2.pid
2020-07-08T16:03:24: PM2 log: RPC socket file      : /root/.pm2/rpc.sock
2020-07-08T16:03:24: PM2 log: BUS socket file      : /root/.pm2/pub.sock
2020-07-08T16:03:24: PM2 log: Application log path : /root/.pm2/logs
2020-07-08T16:03:24: PM2 log: Worker Interval      : 30000
2020-07-08T16:03:24: PM2 log: Process dump file    : /root/.pm2/dump.pm2
2020-07-08T16:03:24: PM2 log: Concurrent actions   : 2
2020-07-08T16:03:24: PM2 log: SIGTERM timeout      : 1600
2020-07-08T16:03:24: PM2 log: ===============================================================================
2020-07-08T16:03:24: PM2 log: App [server:0] starting in -fork mode-
2020-07-08T16:03:24: PM2 log: App [server:0] online
2020-07-08T16:03:47: PM2 log: App [server:0] exited with code [0] via signal [SIGINT]
2020-07-08T16:03:47: PM2 log: App [server:0] starting in -fork mode-
2020-07-08T16:03:47: PM2 log: App [server:0] online
